<?xml version="1.0" encoding="UTF-8"?>
<!-- Generated by org.testng.reporters.JUnitXMLReporter -->
<testsuite hostname="DESKTOP-VE66TCA" ignored="0" name="Default test" tests="4" failures="0" timestamp="2020-06-04T00:16:46 EDT" time="26.211" errors="0">
  <testcase name="emptyUsernameLogin" time="0.339" classname="com.hrms.testcases.LoginTest"/>
  <testcase name="invalidPasswordLogin" time="1.046" classname="com.hrms.testcases.LoginTest"/>
  <testcase name="timeStamp" time="0.002" classname="com.hrms.testcases.LoginTest"/>
  <testcase name="validAdminLogin" time="4.156" classname="com.hrms.testcases.LoginTest"/>
</testsuite> <!-- Default test -->
