<?xml version="1.0" encoding="UTF-8"?>
<!-- Generated by org.testng.reporters.JUnitXMLReporter -->
<testsuite hostname="DESKTOP-VE66TCA" ignored="0" name="Default test" tests="3" failures="0" timestamp="2020-06-02T21:06:41 EDT" time="32.426" errors="0">
  <testcase name="emptyUsernameLogin" time="0.402" classname="com.hrms.testcases.LoginTest"/>
  <testcase name="invalidPasswordLogin" time="1.737" classname="com.hrms.testcases.LoginTest"/>
  <testcase name="validAdminLogin" time="3.398" classname="com.hrms.testcases.LoginTest"/>
</testsuite> <!-- Default test -->
