<?xml version="1.0" encoding="UTF-8"?>
<!-- Generated by org.testng.reporters.JUnitXMLReporter -->
<testsuite hostname="DESKTOP-VE66TCA" ignored="0" name="Test" tests="4" failures="0" timestamp="2020-06-02T21:33:59 EDT" time="32.715" errors="0">
  <testcase name="addEmployeePage" time="5.724" classname="com.hrms.testcases.AddEmployeeTest"/>
  <testcase name="emptyUsernameLogin" time="0.476" classname="com.hrms.testcases.LoginTest"/>
  <testcase name="invalidPasswordLogin" time="1.446" classname="com.hrms.testcases.LoginTest"/>
  <testcase name="validAdminLogin" time="3.719" classname="com.hrms.testcases.LoginTest"/>
</testsuite> <!-- Test -->
