<?xml version="1.0" encoding="UTF-8"?>
<!-- Generated by org.testng.reporters.JUnitXMLReporter -->
<testsuite hostname="DESKTOP-VE66TCA" ignored="0" name="Command line test" tests="4" failures="0" timestamp="2020-06-02T23:03:02 EDT" time="19.869" errors="0">
  <testcase name="test" time="0.0" classname="com.hrms.testcases.AddEmployeeTest">
    <skipped/>
  </testcase> <!-- test -->
  <testcase name="emptyUsernameLogin" time="0.346" classname="com.hrms.testcases.LoginTest"/>
  <testcase name="invalidPasswordLogin" time="1.078" classname="com.hrms.testcases.LoginTest"/>
  <testcase name="validAdminLogin" time="3.334" classname="com.hrms.testcases.LoginTest"/>
</testsuite> <!-- Command line test -->
