<?xml version="1.0" encoding="UTF-8"?>
<testng-results skipped="1" failed="0" ignored="0" total="4" passed="3">
  <reporter-output>
  </reporter-output>
  <suite name="Command line suite" duration-ms="19869" started-at="2020-06-02T23:02:42 EDT" finished-at="2020-06-02T23:03:02 EDT">
    <groups>
      <group name="regression">
        <method signature="LoginTest.emptyUsernameLogin()[pri:0, instance:com.hrms.testcases.LoginTest@6e1567f1]" name="emptyUsernameLogin" class="com.hrms.testcases.LoginTest"/>
        <method signature="LoginTest.invalidPasswordLogin()[pri:0, instance:com.hrms.testcases.LoginTest@6e1567f1]" name="invalidPasswordLogin" class="com.hrms.testcases.LoginTest"/>
      </group> <!-- regression -->
      <group name="smoke">
        <method signature="LoginTest.validAdminLogin()[pri:0, instance:com.hrms.testcases.LoginTest@6e1567f1]" name="validAdminLogin" class="com.hrms.testcases.LoginTest"/>
      </group> <!-- smoke -->
      <group name="homeword">
        <method signature="AddEmployeeTest.test(java.lang.String, java.lang.String, java.lang.String, java.lang.String)[pri:0, instance:com.hrms.testcases.AddEmployeeTest@59494225]" name="test" class="com.hrms.testcases.AddEmployeeTest"/>
      </group> <!-- homeword -->
    </groups>
    <test name="Command line test" duration-ms="19869" started-at="2020-06-02T23:02:42 EDT" finished-at="2020-06-02T23:03:02 EDT">
      <class name="com.hrms.testcases.LoginTest">
        <test-method status="PASS" signature="setUp()[pri:0, instance:com.hrms.testcases.LoginTest@6e1567f1]" name="setUp" is-config="true" duration-ms="4853" started-at="2020-06-02T23:02:42 EDT" finished-at="2020-06-02T23:02:47 EDT">
          <reporter-output>
          </reporter-output>
        </test-method> <!-- setUp -->
        <test-method status="PASS" signature="emptyUsernameLogin()[pri:0, instance:com.hrms.testcases.LoginTest@6e1567f1]" name="emptyUsernameLogin" duration-ms="346" started-at="2020-06-02T23:02:47 EDT" finished-at="2020-06-02T23:02:47 EDT">
          <reporter-output>
          </reporter-output>
        </test-method> <!-- emptyUsernameLogin -->
        <test-method status="PASS" signature="tearDown()[pri:0, instance:com.hrms.testcases.LoginTest@6e1567f1]" name="tearDown" is-config="true" duration-ms="634" started-at="2020-06-02T23:02:47 EDT" finished-at="2020-06-02T23:02:48 EDT">
          <reporter-output>
          </reporter-output>
        </test-method> <!-- tearDown -->
        <test-method status="PASS" signature="setUp()[pri:0, instance:com.hrms.testcases.LoginTest@6e1567f1]" name="setUp" is-config="true" duration-ms="4150" started-at="2020-06-02T23:02:48 EDT" finished-at="2020-06-02T23:02:52 EDT">
          <reporter-output>
          </reporter-output>
        </test-method> <!-- setUp -->
        <test-method status="PASS" signature="invalidPasswordLogin()[pri:0, instance:com.hrms.testcases.LoginTest@6e1567f1]" name="invalidPasswordLogin" duration-ms="1078" started-at="2020-06-02T23:02:52 EDT" finished-at="2020-06-02T23:02:53 EDT">
          <reporter-output>
          </reporter-output>
        </test-method> <!-- invalidPasswordLogin -->
        <test-method status="PASS" signature="tearDown()[pri:0, instance:com.hrms.testcases.LoginTest@6e1567f1]" name="tearDown" is-config="true" duration-ms="674" started-at="2020-06-02T23:02:53 EDT" finished-at="2020-06-02T23:02:54 EDT">
          <reporter-output>
          </reporter-output>
        </test-method> <!-- tearDown -->
        <test-method status="PASS" signature="setUp()[pri:0, instance:com.hrms.testcases.LoginTest@6e1567f1]" name="setUp" is-config="true" duration-ms="4094" started-at="2020-06-02T23:02:54 EDT" finished-at="2020-06-02T23:02:58 EDT">
          <reporter-output>
          </reporter-output>
        </test-method> <!-- setUp -->
        <test-method status="PASS" signature="validAdminLogin()[pri:0, instance:com.hrms.testcases.LoginTest@6e1567f1]" name="validAdminLogin" duration-ms="3334" started-at="2020-06-02T23:02:58 EDT" finished-at="2020-06-02T23:03:01 EDT">
          <reporter-output>
          </reporter-output>
        </test-method> <!-- validAdminLogin -->
        <test-method status="PASS" signature="tearDown()[pri:0, instance:com.hrms.testcases.LoginTest@6e1567f1]" name="tearDown" is-config="true" duration-ms="659" started-at="2020-06-02T23:03:01 EDT" finished-at="2020-06-02T23:03:02 EDT">
          <reporter-output>
          </reporter-output>
        </test-method> <!-- tearDown -->
      </class> <!-- com.hrms.testcases.LoginTest -->
      <class name="com.hrms.testcases.AddEmployeeTest">
        <test-method status="SKIP" signature="test(java.lang.String, java.lang.String, java.lang.String, java.lang.String)[pri:0, instance:com.hrms.testcases.AddEmployeeTest@59494225]" name="test" duration-ms="0" started-at="2020-06-02T23:02:42 EDT" data-provider="userDataFromExcel" finished-at="2020-06-02T23:02:42 EDT">
          <exception class="java.lang.RuntimeException">
            <message>
              <![CDATA[java.lang.NullPointerException]]>
            </message>
            <full-stacktrace>
              <![CDATA[java.lang.RuntimeException: java.lang.NullPointerException
at org.testng.internal.MethodInvocationHelper.invokeMethodNoCheckedException(MethodInvocationHelper.java:51)
at org.testng.internal.MethodInvocationHelper.invokeDataProvider(MethodInvocationHelper.java:147)
at org.testng.internal.Parameters.handleParameters(Parameters.java:801)
at org.testng.internal.Parameters.handleParameters(Parameters.java:744)
at org.testng.internal.ParameterHandler.handleParameters(ParameterHandler.java:59)
at org.testng.internal.ParameterHandler.createParameters(ParameterHandler.java:38)
at org.testng.internal.TestInvoker$MethodInvocationAgent.invoke(TestInvoker.java:783)
at org.testng.internal.TestInvoker.invokeTestMethods(TestInvoker.java:146)
at org.testng.internal.TestMethodWorker.invokeTestMethods(TestMethodWorker.java:146)
at org.testng.internal.TestMethodWorker.run(TestMethodWorker.java:128)
at java.util.ArrayList.forEach(ArrayList.java:1257)
at org.testng.TestRunner.privateRun(TestRunner.java:766)
at org.testng.TestRunner.run(TestRunner.java:587)
at org.testng.SuiteRunner.runTest(SuiteRunner.java:384)
at org.testng.SuiteRunner.runSequentially(SuiteRunner.java:378)
at org.testng.SuiteRunner.privateRun(SuiteRunner.java:337)
at org.testng.SuiteRunner.run(SuiteRunner.java:286)
at org.testng.SuiteRunnerWorker.runSuite(SuiteRunnerWorker.java:53)
at org.testng.SuiteRunnerWorker.run(SuiteRunnerWorker.java:96)
at org.testng.TestNG.runSuitesSequentially(TestNG.java:1187)
at org.testng.TestNG.runSuitesLocally(TestNG.java:1109)
at org.testng.TestNG.runSuites(TestNG.java:1039)
at org.testng.TestNG.run(TestNG.java:1007)
at org.apache.maven.surefire.testng.TestNGExecutor.run(TestNGExecutor.java:77)
at org.apache.maven.surefire.testng.TestNGDirectoryTestSuite.executeMulti(TestNGDirectoryTestSuite.java:159)
at org.apache.maven.surefire.testng.TestNGDirectoryTestSuite.execute(TestNGDirectoryTestSuite.java:99)
at org.apache.maven.surefire.testng.TestNGProvider.invoke(TestNGProvider.java:106)
at sun.reflect.NativeMethodAccessorImpl.invoke0(Native Method)
at sun.reflect.NativeMethodAccessorImpl.invoke(NativeMethodAccessorImpl.java:62)
at sun.reflect.DelegatingMethodAccessorImpl.invoke(DelegatingMethodAccessorImpl.java:43)
at java.lang.reflect.Method.invoke(Method.java:498)
at org.apache.maven.surefire.util.ReflectionUtils.invokeMethodWithArray(ReflectionUtils.java:189)
at org.apache.maven.surefire.booter.ProviderFactory$ProviderProxy.invoke(ProviderFactory.java:165)
at org.apache.maven.surefire.booter.ProviderFactory.invokeProvider(ProviderFactory.java:85)
at org.apache.maven.surefire.booter.ForkedBooter.runSuitesInProcess(ForkedBooter.java:115)
at org.apache.maven.surefire.booter.ForkedBooter.main(ForkedBooter.java:75)
Caused by: java.lang.NullPointerException
at com.hrms.utils.ExcelUtility.loadSheet(ExcelUtility.java:26)
at com.hrms.utils.ExcelUtility.excelIntoArray(ExcelUtility.java:43)
at com.hrms.testcases.AddEmployeeTest.getData2(AddEmployeeTest.java:70)
at sun.reflect.NativeMethodAccessorImpl.invoke0(Native Method)
at sun.reflect.NativeMethodAccessorImpl.invoke(NativeMethodAccessorImpl.java:62)
at sun.reflect.DelegatingMethodAccessorImpl.invoke(DelegatingMethodAccessorImpl.java:43)
at java.lang.reflect.Method.invoke(Method.java:498)
at org.testng.internal.MethodInvocationHelper.invokeMethod(MethodInvocationHelper.java:134)
at org.testng.internal.MethodInvocationHelper.invokeMethod(MethodInvocationHelper.java:78)
at org.testng.internal.MethodInvocationHelper.invokeMethodNoCheckedException(MethodInvocationHelper.java:47)
... 35 more
]]>
            </full-stacktrace>
          </exception> <!-- java.lang.RuntimeException -->
          <reporter-output>
          </reporter-output>
        </test-method> <!-- test -->
      </class> <!-- com.hrms.testcases.AddEmployeeTest -->
    </test> <!-- Command line test -->
  </suite> <!-- Command line suite -->
</testng-results>
